<?xml version="1.0" encoding="UTF-8"?>
<testsuite xmlns:xsi="http://www.w3.org/2001/XMLSchema-instance" xsi:noNamespaceSchemaLocation="https://maven.apache.org/surefire/maven-surefire-plugin/xsd/surefire-test-report-3.0.xsd" version="3.0" name="ElectrodomesticTest" time="0.147" tests="9" errors="0" skipped="0" failures="0">
  <properties>
[...]
</properties>
  <testcase name="testElectrodomesticPreuPes" classname="ElectrodomesticTest" time="0.01"/>
  <testcase name="testTelevisioComplet" classname="ElectrodomesticTest" time="0.0"/>
  <testcase name="testRentadoraComplet" classname="ElectrodomesticTest" time="0.0"/>
  <testcase name="testElectrodomesticComplet" classname="ElectrodomesticTest" time="0.0"/>
  <testcase name="testElectrodomesticPerDefecte" classname="ElectrodomesticTest" time="0.0"/>
  <testcase name="testRentadoraPerDefecte" classname="ElectrodomesticTest" time="0.0"/>
  <testcase name="testTelevisioPerDefecte" classname="ElectrodomesticTest" time="0.0"/>
  <testcase name="testTelevisioPreuPes" classname="ElectrodomesticTest" time="0.0"/>
  <testcase name="testRentadoraPreuPes" classname="ElectrodomesticTest" time="0.0"/>
</testsuite>